This is pdfTeX, Version 3.141592653-2.6-1.40.28 (TeX Live 2025) (preloaded format=pdflatex 2025.11.30)  1 DEC 2025 13:19
entering extended mode
 restricted \write18 enabled.
 file:line:error style messages enabled.
 %&-line parsing enabled.
**c:/Users/Anh/Documents/Programming/EL2805/Lab1/Do-Anh-Tran-Saga-Lab1.tex
(c:/Users/Anh/Documents/Programming/EL2805/Lab1/Do-Anh-Tran-Saga-Lab1.tex
LaTeX2e <2025-11-01>
L3 programming layer <2025-11-14>
(d:/texlive/2025/texmf-dist/tex/latex/base/article.cls
Document Class: article 2025/01/22 v1.4n Standard LaTeX document class
(d:/texlive/2025/texmf-dist/tex/latex/base/size11.clo
File: size11.clo 2025/01/22 v1.4n Standard LaTeX file (size option)
)
\c@part=\count275
\c@section=\count276
\c@subsection=\count277
\c@subsubsection=\count278
\c@paragraph=\count279
\c@subparagraph=\count280
\c@figure=\count281
\c@table=\count282
\abovecaptionskip=\skip49
\belowcaptionskip=\skip50
\bibindent=\dimen148
) (d:/texlive/2025/texmf-dist/tex/latex/base/inputenc.sty
Package: inputenc 2024/02/08 v1.3d Input encoding file
\inpenc@prehook=\toks17
\inpenc@posthook=\toks18
) (d:/texlive/2025/texmf-dist/tex/latex/graphics/graphicx.sty
Package: graphicx 2024/12/31 v1.2e Enhanced LaTeX Graphics (DPC,SPQR)
 (d:/texlive/2025/texmf-dist/tex/latex/graphics/keyval.sty
Package: keyval 2022/05/29 v1.15 key=value parser (DPC)
\KV@toks@=\toks19
) (d:/texlive/2025/texmf-dist/tex/latex/graphics/graphics.sty
Package: graphics 2024/08/06 v1.4g Standard LaTeX Graphics (DPC,SPQR)
 (d:/texlive/2025/texmf-dist/tex/latex/graphics/trig.sty
Package: trig 2023/12/02 v1.11 sin cos tan (DPC)
) (d:/texlive/2025/texmf-dist/tex/latex/graphics-cfg/graphics.cfg
File: graphics.cfg 2016/06/04 v1.11 sample graphics configuration
)
Package graphics Info: Driver file: pdftex.def on input line 106.
 (d:/texlive/2025/texmf-dist/tex/latex/graphics-def/pdftex.def
File: pdftex.def 2025/09/29 v1.2d Graphics/color driver for pdftex
))
\Gin@req@height=\dimen149
\Gin@req@width=\dimen150
) (d:/texlive/2025/texmf-dist/tex/latex/pdflscape/pdflscape.sty
Package: pdflscape 2025-06-23 v0.14 Display of landscape pages in PDF
 (d:/texlive/2025/texmf-dist/tex/latex/pdflscape/pdflscape-nometadata.sty
Package: pdflscape-nometadata 2025-06-23 v0.14 Display of landscape pages in PDF (HO)
 (d:/texlive/2025/texmf-dist/tex/generic/iftex/iftex.sty
Package: iftex 2024/12/12 v1.0g TeX engine tests
) (d:/texlive/2025/texmf-dist/tex/latex/graphics/lscape.sty
Package: lscape 2020/05/28 v3.02 Landscape Pages (DPC)
)
Package pdflscape Info: Auto-detected driver: pdftex on input line 81.
)) (d:/texlive/2025/texmf-dist/tex/latex/amsmath/amsmath.sty
Package: amsmath 2025/07/09 v2.17z AMS math features
\@mathmargin=\skip51

For additional information on amsmath, use the `?' option.
(d:/texlive/2025/texmf-dist/tex/latex/amsmath/amstext.sty
Package: amstext 2024/11/17 v2.01 AMS text
 (d:/texlive/2025/texmf-dist/tex/latex/amsmath/amsgen.sty
File: amsgen.sty 1999/11/30 v2.0 generic functions
\@emptytoks=\toks20
\ex@=\dimen151
)) (d:/texlive/2025/texmf-dist/tex/latex/amsmath/amsbsy.sty
Package: amsbsy 1999/11/29 v1.2d Bold Symbols
\pmbraise@=\dimen152
) (d:/texlive/2025/texmf-dist/tex/latex/amsmath/amsopn.sty
Package: amsopn 2022/04/08 v2.04 operator names
)
\inf@bad=\count283
LaTeX Info: Redefining \frac on input line 233.
\uproot@=\count284
\leftroot@=\count285
LaTeX Info: Redefining \overline on input line 398.
LaTeX Info: Redefining \colon on input line 409.
\classnum@=\count286
\DOTSCASE@=\count287
LaTeX Info: Redefining \ldots on input line 495.
LaTeX Info: Redefining \dots on input line 498.
LaTeX Info: Redefining \cdots on input line 619.
\Mathstrutbox@=\box53
\strutbox@=\box54
LaTeX Info: Redefining \big on input line 721.
LaTeX Info: Redefining \Big on input line 722.
LaTeX Info: Redefining \bigg on input line 723.
LaTeX Info: Redefining \Bigg on input line 724.
\big@size=\dimen153
LaTeX Font Info:    Redeclaring font encoding OML on input line 742.
LaTeX Font Info:    Redeclaring font encoding OMS on input line 743.
\macc@depth=\count288
LaTeX Info: Redefining \bmod on input line 904.
LaTeX Info: Redefining \pmod on input line 909.
LaTeX Info: Redefining \smash on input line 939.
LaTeX Info: Redefining \relbar on input line 969.
LaTeX Info: Redefining \Relbar on input line 970.
\c@MaxMatrixCols=\count289
\dotsspace@=\muskip17
\c@parentequation=\count290
\dspbrk@lvl=\count291
\tag@help=\toks21
\row@=\count292
\column@=\count293
\maxfields@=\count294
\andhelp@=\toks22
\eqnshift@=\dimen154
\alignsep@=\dimen155
\tagshift@=\dimen156
\tagwidth@=\dimen157
\totwidth@=\dimen158
\lineht@=\dimen159
\@envbody=\toks23
\multlinegap=\skip52
\multlinetaggap=\skip53
\mathdisplay@stack=\toks24
LaTeX Info: Redefining \[ on input line 2950.
LaTeX Info: Redefining \] on input line 2951.
) (d:/texlive/2025/texmf-dist/tex/latex/titlesec/titlesec.sty
Package: titlesec 2025/01/04 v2.17 Sectioning titles
\ttl@box=\box55
\beforetitleunit=\skip54
\aftertitleunit=\skip55
\ttl@plus=\dimen160
\ttl@minus=\dimen161
\ttl@toksa=\toks25
\titlewidth=\dimen162
\titlewidthlast=\dimen163
\titlewidthfirst=\dimen164
) (d:/texlive/2025/texmf-dist/tex/latex/algorithms/algorithm.sty
Package: algorithm 2009/08/24 v0.1 Document Style `algorithm' - floating environment
 (d:/texlive/2025/texmf-dist/tex/latex/float/float.sty
Package: float 2001/11/08 v1.3d Float enhancements (AL)
\c@float@type=\count295
\float@exts=\toks26
\float@box=\box56
\@float@everytoks=\toks27
\@floatcapt=\box57
) (d:/texlive/2025/texmf-dist/tex/latex/base/ifthen.sty
Package: ifthen 2024/03/16 v1.1e Standard LaTeX ifthen package (DPC)
)
\@float@every@algorithm=\toks28
\c@algorithm=\count296
) (d:/texlive/2025/texmf-dist/tex/latex/algorithmicx/algcompatible.sty
Package: algcompatible 
 (d:/texlive/2025/texmf-dist/tex/latex/algorithmicx/algorithmicx.sty
Package: algorithmicx 2005/04/27 v1.2 Algorithmicx

Document Style algorithmicx 1.2 - a greatly improved `algorithmic' style
\c@ALG@line=\count297
\c@ALG@rem=\count298
\c@ALG@nested=\count299
\ALG@tlm=\skip56
\ALG@thistlm=\skip57
\c@ALG@Lnr=\count300
\c@ALG@blocknr=\count301
\c@ALG@storecount=\count302
\c@ALG@tmpcounter=\count303
\ALG@tmplength=\skip58
)
Document Style - algorithmic compatible environments for the `algorithmicx' style
) (d:/texlive/2025/texmf-dist/tex/latex/algorithmicx/algpseudocode.sty
Package: algpseudocode 

Document Style - pseudocode environments for use with the `algorithmicx' style
) (d:/texlive/2025/texmf-dist/tex/latex/amsfonts/amssymb.sty
Package: amssymb 2013/01/14 v3.01 AMS font symbols
 (d:/texlive/2025/texmf-dist/tex/latex/amsfonts/amsfonts.sty
Package: amsfonts 2013/01/14 v3.01 Basic AMSFonts support
\symAMSa=\mathgroup4
\symAMSb=\mathgroup5
LaTeX Font Info:    Redeclaring math symbol \hbar on input line 98.
LaTeX Font Info:    Overwriting math alphabet `\mathfrak' in version `bold'
(Font)                  U/euf/m/n --> U/euf/b/n on input line 106.
)) (d:/texlive/2025/texmf-dist/tex/latex/amscls/amsthm.sty
Package: amsthm 2020/05/29 v2.20.6
\thm@style=\toks29
\thm@bodyfont=\toks30
\thm@headfont=\toks31
\thm@notefont=\toks32
\thm@headpunct=\toks33
\thm@preskip=\skip59
\thm@postskip=\skip60
\thm@headsep=\skip61
\dth@everypar=\toks34
) (d:/texlive/2025/texmf-dist/tex/generic/systeme/systeme.sty (d:/texlive/2025/texmf-dist/tex/generic/xstring/xstring.sty (d:/texlive/2025/texmf-dist/tex/generic/xstring/xstring.tex
\xs_counta=\count304
\xs_countb=\count305
)
Package: xstring 2023/08/22 v1.86 String manipulations (CT)
) (d:/texlive/2025/texmf-dist/tex/generic/simplekv/simplekv.sty (d:/texlive/2025/texmf-dist/tex/generic/simplekv/simplekv.tex)
Package: simplekv 2025/06/15 v0.32 Simple keyval package (CT)
) (d:/texlive/2025/texmf-dist/tex/generic/systeme/systeme.tex (d:/texlive/2025/texmf-dist/tex/generic/simplekv/simplekv.tex)
\SYS_tab_toks=\toks35
\SYS_preamble_toks=\toks36
\SYSeqnum=\count306
LaTeX Font Info:    Trying to load font information for U+msa on input line 486.
 (d:/texlive/2025/texmf-dist/tex/latex/amsfonts/umsa.fd
File: umsa.fd 2013/01/14 v3.01 AMS symbols A
)
LaTeX Font Info:    Trying to load font information for U+msb on input line 486.
 (d:/texlive/2025/texmf-dist/tex/latex/amsfonts/umsb.fd
File: umsb.fd 2013/01/14 v3.01 AMS symbols B
))
Package: systeme 2025/11/15 v0.46 Saisie naturelle de systèmes d'équations (CT)
) (d:/texlive/2025/texmf-dist/tex/latex/setspace/setspace.sty
Package: setspace 2022/12/04 v6.7b set line spacing
) (d:/texlive/2025/texmf-dist/tex/latex/animate/animate.sty
Package: animate 2024/10/14 PDF & SVG animations from files and inline graphics
 (d:/texlive/2025/texmf-dist/tex/latex/oberdiek/ifdraft.sty
Package: ifdraft 2016/05/16 v1.4 Detect class options draft and final (HO)
) (d:/texlive/2025/texmf-dist/tex/latex/tools/calc.sty
Package: calc 2025/03/01 v4.3b Infix arithmetic (KKT,FJ)
\calc@Acount=\count307
\calc@Bcount=\count308
\calc@Adimen=\dimen165
\calc@Bdimen=\dimen166
\calc@Askip=\skip62
\calc@Bskip=\skip63
LaTeX Info: Redefining \setlength on input line 86.
LaTeX Info: Redefining \addtolength on input line 87.
\calc@Ccount=\count309
\calc@Cskip=\skip64
) (d:/texlive/2025/texmf-dist/tex/latex/media9/pdfbase.sty
Package: pdfbase 2024/09/16 v0.59 driver independent access to low-level PDF features
 (d:/texlive/2025/texmf-dist/tex/latex/l3backend/l3backend-pdftex.def
File: l3backend-pdftex.def 2025-10-09 L3 backend support: PDF output (pdfTeX)
\l__color_backend_stack_int=\count310
)
\g_pbs_page_int=\count311
\g_pbs_oc_int=\count312
) (d:/texlive/2025/texmf-dist/tex/latex/zref/zref-abspage.sty
Package: zref-abspage 2025-06-08 v2.36 Module abspage for zref (HO)
 (d:/texlive/2025/texmf-dist/tex/latex/zref/zref-base.sty
Package: zref-base 2025-06-08 v2.36 Module base for zref (HO)
 (d:/texlive/2025/texmf-dist/tex/generic/ltxcmds/ltxcmds.sty
Package: ltxcmds 2023-12-04 v1.26 LaTeX kernel commands for general use (HO)
) (d:/texlive/2025/texmf-dist/tex/generic/infwarerr/infwarerr.sty
Package: infwarerr 2019/12/03 v1.5 Providing info/warning/error messages (HO)
) (d:/texlive/2025/texmf-dist/tex/latex/kvsetkeys/kvsetkeys.sty
Package: kvsetkeys 2022-10-05 v1.19 Key value parser (HO)
) (d:/texlive/2025/texmf-dist/tex/generic/kvdefinekeys/kvdefinekeys.sty
Package: kvdefinekeys 2019-12-19 v1.6 Define keys (HO)
) (d:/texlive/2025/texmf-dist/tex/generic/pdftexcmds/pdftexcmds.sty
Package: pdftexcmds 2020-06-27 v0.33 Utility functions of pdfTeX for LuaTeX (HO)
Package pdftexcmds Info: \pdf@primitive is available.
Package pdftexcmds Info: \pdf@ifprimitive is available.
Package pdftexcmds Info: \pdfdraftmode found.
) (d:/texlive/2025/texmf-dist/tex/generic/etexcmds/etexcmds.sty
Package: etexcmds 2019/12/15 v1.7 Avoid name clashes with e-TeX commands (HO)
) (d:/texlive/2025/texmf-dist/tex/latex/auxhook/auxhook.sty
Package: auxhook 2019-12-17 v1.6 Hooks for auxiliary files (HO)
)
Package zref Info: New property list: main on input line 767.
Package zref Info: New property: default on input line 768.
Package zref Info: New property: page on input line 769.
)
\c@abspage=\count313
Package zref Info: New property: abspage on input line 67.
) (d:/texlive/2025/texmf-dist/tex/latex/ocgx2/ocgbase.sty
Package: ocgbase 2024/09/15 v0.24 support package for ocgx2.sty
)
\@anim@box=\box58
\@anim@measbox=\box59
\@anim@tmpdima=\dimen167
\@anim@tmpdimb=\dimen168
\@anim@num=\count314
\@anim@curframe=\count315
\@anim@curframe@zb=\count316
\@anim@resizeflags=\count317
\@anim@skipfram=\count318
\@anim@mulframecnt=\count319
\@anim@@tmlnfile=\read2
\@anim@tmpcnt=\count320
\c@@anim@ltxcnt=\count321
\@anim@curlayer=\count322
\@anim@lineno=\count323
\@anim@curfield=\count324
\@anim@@resizeflags=\count325
) (d:/texlive/2025/texmf-dist/tex/latex/pgf/frontendlayer/tikz.sty (d:/texlive/2025/texmf-dist/tex/latex/pgf/basiclayer/pgf.sty (d:/texlive/2025/texmf-dist/tex/latex/pgf/utilities/pgfrcs.sty (d:/texlive/2025/texmf-dist/tex/generic/pgf/utilities/pgfutil-common.tex
\pgfutil@everybye=\toks37
\pgfutil@tempdima=\dimen169
\pgfutil@tempdimb=\dimen170
) (d:/texlive/2025/texmf-dist/tex/generic/pgf/utilities/pgfutil-latex.def
\pgfutil@abb=\box60
) (d:/texlive/2025/texmf-dist/tex/generic/pgf/utilities/pgfrcs.code.tex (d:/texlive/2025/texmf-dist/tex/generic/pgf/pgf.revision.tex)
Package: pgfrcs 2025-08-29 v3.1.11a (3.1.11a)
))
Package: pgf 2025-08-29 v3.1.11a (3.1.11a)
 (d:/texlive/2025/texmf-dist/tex/latex/pgf/basiclayer/pgfcore.sty (d:/texlive/2025/texmf-dist/tex/latex/pgf/systemlayer/pgfsys.sty (d:/texlive/2025/texmf-dist/tex/generic/pgf/systemlayer/pgfsys.code.tex
Package: pgfsys 2025-08-29 v3.1.11a (3.1.11a)
 (d:/texlive/2025/texmf-dist/tex/generic/pgf/utilities/pgfkeys.code.tex
\pgfkeys@pathtoks=\toks38
\pgfkeys@temptoks=\toks39
 (d:/texlive/2025/texmf-dist/tex/generic/pgf/utilities/pgfkeyslibraryfiltered.code.tex
\pgfkeys@tmptoks=\toks40
))
\pgf@x=\dimen171
\pgf@y=\dimen172
\pgf@xa=\dimen173
\pgf@ya=\dimen174
\pgf@xb=\dimen175
\pgf@yb=\dimen176
\pgf@xc=\dimen177
\pgf@yc=\dimen178
\pgf@xd=\dimen179
\pgf@yd=\dimen180
\w@pgf@writea=\write3
\r@pgf@reada=\read3
\c@pgf@counta=\count326
\c@pgf@countb=\count327
\c@pgf@countc=\count328
\c@pgf@countd=\count329
\t@pgf@toka=\toks41
\t@pgf@tokb=\toks42
\t@pgf@tokc=\toks43
\pgf@sys@id@count=\count330
 (d:/texlive/2025/texmf-dist/tex/generic/pgf/systemlayer/pgf.cfg
File: pgf.cfg 2025-08-29 v3.1.11a (3.1.11a)
)
Driver file for pgf: pgfsys-pdftex.def
 (d:/texlive/2025/texmf-dist/tex/generic/pgf/systemlayer/pgfsys-pdftex.def
File: pgfsys-pdftex.def 2025-08-29 v3.1.11a (3.1.11a)
 (d:/texlive/2025/texmf-dist/tex/generic/pgf/systemlayer/pgfsys-common-pdf.def
File: pgfsys-common-pdf.def 2025-08-29 v3.1.11a (3.1.11a)
))) (d:/texlive/2025/texmf-dist/tex/generic/pgf/systemlayer/pgfsyssoftpath.code.tex
File: pgfsyssoftpath.code.tex 2025-08-29 v3.1.11a (3.1.11a)
\pgfsyssoftpath@smallbuffer@items=\count331
\pgfsyssoftpath@bigbuffer@items=\count332
) (d:/texlive/2025/texmf-dist/tex/generic/pgf/systemlayer/pgfsysprotocol.code.tex
File: pgfsysprotocol.code.tex 2025-08-29 v3.1.11a (3.1.11a)
)) (d:/texlive/2025/texmf-dist/tex/latex/xcolor/xcolor.sty
Package: xcolor 2024/09/29 v3.02 LaTeX color extensions (UK)
 (d:/texlive/2025/texmf-dist/tex/latex/graphics-cfg/color.cfg
File: color.cfg 2016/01/02 v1.6 sample color configuration
)
Package xcolor Info: Driver file: pdftex.def on input line 274.
 (d:/texlive/2025/texmf-dist/tex/latex/graphics/mathcolor.ltx)
Package xcolor Info: Model `cmy' substituted by `cmy0' on input line 1349.
Package xcolor Info: Model `hsb' substituted by `rgb' on input line 1353.
Package xcolor Info: Model `RGB' extended on input line 1365.
Package xcolor Info: Model `HTML' substituted by `rgb' on input line 1367.
Package xcolor Info: Model `Hsb' substituted by `hsb' on input line 1368.
Package xcolor Info: Model `tHsb' substituted by `hsb' on input line 1369.
Package xcolor Info: Model `HSB' substituted by `hsb' on input line 1370.
Package xcolor Info: Model `Gray' substituted by `gray' on input line 1371.
Package xcolor Info: Model `wave' substituted by `hsb' on input line 1372.
) (d:/texlive/2025/texmf-dist/tex/generic/pgf/basiclayer/pgfcore.code.tex
Package: pgfcore 2025-08-29 v3.1.11a (3.1.11a)
 (d:/texlive/2025/texmf-dist/tex/generic/pgf/math/pgfmath.code.tex (d:/texlive/2025/texmf-dist/tex/generic/pgf/math/pgfmathutil.code.tex) (d:/texlive/2025/texmf-dist/tex/generic/pgf/math/pgfmathparser.code.tex
\pgfmath@dimen=\dimen181
\pgfmath@count=\count333
\pgfmath@box=\box61
\pgfmath@toks=\toks44
\pgfmath@stack@operand=\toks45
\pgfmath@stack@operation=\toks46
) (d:/texlive/2025/texmf-dist/tex/generic/pgf/math/pgfmathfunctions.code.tex) (d:/texlive/2025/texmf-dist/tex/generic/pgf/math/pgfmathfunctions.basic.code.tex) (d:/texlive/2025/texmf-dist/tex/generic/pgf/math/pgfmathfunctions.trigonometric.code.tex) (d:/texlive/2025/texmf-dist/tex/generic/pgf/math/pgfmathfunctions.random.code.tex) (d:/texlive/2025/texmf-dist/tex/generic/pgf/math/pgfmathfunctions.comparison.code.tex) (d:/texlive/2025/texmf-dist/tex/generic/pgf/math/pgfmathfunctions.base.code.tex) (d:/texlive/2025/texmf-dist/tex/generic/pgf/math/pgfmathfunctions.round.code.tex) (d:/texlive/2025/texmf-dist/tex/generic/pgf/math/pgfmathfunctions.misc.code.tex) (d:/texlive/2025/texmf-dist/tex/generic/pgf/math/pgfmathfunctions.integerarithmetics.code.tex) (d:/texlive/2025/texmf-dist/tex/generic/pgf/math/pgfmathcalc.code.tex) (d:/texlive/2025/texmf-dist/tex/generic/pgf/math/pgfmathfloat.code.tex
\c@pgfmathroundto@lastzeros=\count334
)) (d:/texlive/2025/texmf-dist/tex/generic/pgf/math/pgfint.code.tex) (d:/texlive/2025/texmf-dist/tex/generic/pgf/basiclayer/pgfcorepoints.code.tex
File: pgfcorepoints.code.tex 2025-08-29 v3.1.11a (3.1.11a)
\pgf@picminx=\dimen182
\pgf@picmaxx=\dimen183
\pgf@picminy=\dimen184
\pgf@picmaxy=\dimen185
\pgf@pathminx=\dimen186
\pgf@pathmaxx=\dimen187
\pgf@pathminy=\dimen188
\pgf@pathmaxy=\dimen189
\pgf@xx=\dimen190
\pgf@xy=\dimen191
\pgf@yx=\dimen192
\pgf@yy=\dimen193
\pgf@zx=\dimen194
\pgf@zy=\dimen195
) (d:/texlive/2025/texmf-dist/tex/generic/pgf/basiclayer/pgfcorepathconstruct.code.tex
File: pgfcorepathconstruct.code.tex 2025-08-29 v3.1.11a (3.1.11a)
\pgf@path@lastx=\dimen196
\pgf@path@lasty=\dimen197
) (d:/texlive/2025/texmf-dist/tex/generic/pgf/basiclayer/pgfcorepathusage.code.tex
File: pgfcorepathusage.code.tex 2025-08-29 v3.1.11a (3.1.11a)
\pgf@shorten@end@additional=\dimen198
\pgf@shorten@start@additional=\dimen199
) (d:/texlive/2025/texmf-dist/tex/generic/pgf/basiclayer/pgfcorescopes.code.tex
File: pgfcorescopes.code.tex 2025-08-29 v3.1.11a (3.1.11a)
\pgfpic=\box62
\pgf@hbox=\box63
\pgf@layerbox@main=\box64
\pgf@picture@serial@count=\count335
) (d:/texlive/2025/texmf-dist/tex/generic/pgf/basiclayer/pgfcoregraphicstate.code.tex
File: pgfcoregraphicstate.code.tex 2025-08-29 v3.1.11a (3.1.11a)
\pgflinewidth=\dimen256
) (d:/texlive/2025/texmf-dist/tex/generic/pgf/basiclayer/pgfcoretransformations.code.tex
File: pgfcoretransformations.code.tex 2025-08-29 v3.1.11a (3.1.11a)
\pgf@pt@x=\dimen257
\pgf@pt@y=\dimen258
\pgf@pt@temp=\dimen259
) (d:/texlive/2025/texmf-dist/tex/generic/pgf/basiclayer/pgfcorequick.code.tex
File: pgfcorequick.code.tex 2025-08-29 v3.1.11a (3.1.11a)
) (d:/texlive/2025/texmf-dist/tex/generic/pgf/basiclayer/pgfcoreobjects.code.tex
File: pgfcoreobjects.code.tex 2025-08-29 v3.1.11a (3.1.11a)
) (d:/texlive/2025/texmf-dist/tex/generic/pgf/basiclayer/pgfcorepathprocessing.code.tex
File: pgfcorepathprocessing.code.tex 2025-08-29 v3.1.11a (3.1.11a)
) (d:/texlive/2025/texmf-dist/tex/generic/pgf/basiclayer/pgfcorearrows.code.tex
File: pgfcorearrows.code.tex 2025-08-29 v3.1.11a (3.1.11a)
\pgfarrowsep=\dimen260
) (d:/texlive/2025/texmf-dist/tex/generic/pgf/basiclayer/pgfcoreshade.code.tex
File: pgfcoreshade.code.tex 2025-08-29 v3.1.11a (3.1.11a)
\pgf@max=\dimen261
\pgf@sys@shading@range@num=\count336
\pgf@shadingcount=\count337
) (d:/texlive/2025/texmf-dist/tex/generic/pgf/basiclayer/pgfcoreimage.code.tex
File: pgfcoreimage.code.tex 2025-08-29 v3.1.11a (3.1.11a)
) (d:/texlive/2025/texmf-dist/tex/generic/pgf/basiclayer/pgfcoreexternal.code.tex
File: pgfcoreexternal.code.tex 2025-08-29 v3.1.11a (3.1.11a)
\pgfexternal@startupbox=\box65
) (d:/texlive/2025/texmf-dist/tex/generic/pgf/basiclayer/pgfcorelayers.code.tex
File: pgfcorelayers.code.tex 2025-08-29 v3.1.11a (3.1.11a)
) (d:/texlive/2025/texmf-dist/tex/generic/pgf/basiclayer/pgfcoretransparency.code.tex
File: pgfcoretransparency.code.tex 2025-08-29 v3.1.11a (3.1.11a)
) (d:/texlive/2025/texmf-dist/tex/generic/pgf/basiclayer/pgfcorepatterns.code.tex
File: pgfcorepatterns.code.tex 2025-08-29 v3.1.11a (3.1.11a)
) (d:/texlive/2025/texmf-dist/tex/generic/pgf/basiclayer/pgfcorerdf.code.tex
File: pgfcorerdf.code.tex 2025-08-29 v3.1.11a (3.1.11a)
))) (d:/texlive/2025/texmf-dist/tex/generic/pgf/modules/pgfmoduleshapes.code.tex
File: pgfmoduleshapes.code.tex 2025-08-29 v3.1.11a (3.1.11a)
\pgfnodeparttextbox=\box66
) (d:/texlive/2025/texmf-dist/tex/generic/pgf/modules/pgfmoduleplot.code.tex
File: pgfmoduleplot.code.tex 2025-08-29 v3.1.11a (3.1.11a)
) (d:/texlive/2025/texmf-dist/tex/latex/pgf/compatibility/pgfcomp-version-0-65.sty
Package: pgfcomp-version-0-65 2025-08-29 v3.1.11a (3.1.11a)
\pgf@nodesepstart=\dimen262
\pgf@nodesepend=\dimen263
) (d:/texlive/2025/texmf-dist/tex/latex/pgf/compatibility/pgfcomp-version-1-18.sty
Package: pgfcomp-version-1-18 2025-08-29 v3.1.11a (3.1.11a)
)) (d:/texlive/2025/texmf-dist/tex/latex/pgf/utilities/pgffor.sty (d:/texlive/2025/texmf-dist/tex/latex/pgf/utilities/pgfkeys.sty (d:/texlive/2025/texmf-dist/tex/generic/pgf/utilities/pgfkeys.code.tex)) (d:/texlive/2025/texmf-dist/tex/latex/pgf/math/pgfmath.sty (d:/texlive/2025/texmf-dist/tex/generic/pgf/math/pgfmath.code.tex)) (d:/texlive/2025/texmf-dist/tex/generic/pgf/utilities/pgffor.code.tex
Package: pgffor 2025-08-29 v3.1.11a (3.1.11a)
\pgffor@iter=\dimen264
\pgffor@skip=\dimen265
\pgffor@stack=\toks47
\pgffor@toks=\toks48
)) (d:/texlive/2025/texmf-dist/tex/generic/pgf/frontendlayer/tikz/tikz.code.tex
Package: tikz 2025-08-29 v3.1.11a (3.1.11a)
 (d:/texlive/2025/texmf-dist/tex/generic/pgf/libraries/pgflibraryplothandlers.code.tex
File: pgflibraryplothandlers.code.tex 2025-08-29 v3.1.11a (3.1.11a)
\pgf@plot@mark@count=\count338
\pgfplotmarksize=\dimen266
)
\tikz@lastx=\dimen267
\tikz@lasty=\dimen268
\tikz@lastxsaved=\dimen269
\tikz@lastysaved=\dimen270
\tikz@lastmovetox=\dimen271
\tikz@lastmovetoy=\dimen272
\tikzleveldistance=\dimen273
\tikzsiblingdistance=\dimen274
\tikz@figbox=\box67
\tikz@figbox@bg=\box68
\tikz@tempbox=\box69
\tikz@tempbox@bg=\box70
\tikztreelevel=\count339
\tikznumberofchildren=\count340
\tikznumberofcurrentchild=\count341
\tikz@fig@count=\count342
 (d:/texlive/2025/texmf-dist/tex/generic/pgf/modules/pgfmodulematrix.code.tex
File: pgfmodulematrix.code.tex 2025-08-29 v3.1.11a (3.1.11a)
\pgfmatrixcurrentrow=\count343
\pgfmatrixcurrentcolumn=\count344
\pgf@matrix@numberofcolumns=\count345
)
\tikz@expandcount=\count346
 (d:/texlive/2025/texmf-dist/tex/generic/pgf/frontendlayer/tikz/libraries/tikzlibrarytopaths.code.tex
File: tikzlibrarytopaths.code.tex 2025-08-29 v3.1.11a (3.1.11a)
))) (d:/texlive/2025/texmf-dist/tex/latex/tools/tabularx.sty
Package: tabularx 2023/12/11 v2.12a `tabularx' package (DPC)
 (d:/texlive/2025/texmf-dist/tex/latex/tools/array.sty
Package: array 2025/09/25 v2.6n Tabular extension package (FMi)
\col@sep=\dimen275
\ar@mcellbox=\box71
\extrarowheight=\dimen276
\NC@list=\toks49
\extratabsurround=\skip65
\backup@length=\skip66
\ar@cellbox=\box72
)
\TX@col@width=\dimen277
\TX@old@table=\dimen278
\TX@old@col=\dimen279
\TX@target=\dimen280
\TX@delta=\dimen281
\TX@cols=\count347
\TX@ftn=\toks50
) (d:/texlive/2025/texmf-dist/tex/latex/booktabs/booktabs.sty
Package: booktabs 2020/01/12 v1.61803398 Publication quality tables
\heavyrulewidth=\dimen282
\lightrulewidth=\dimen283
\cmidrulewidth=\dimen284
\belowrulesep=\dimen285
\belowbottomsep=\dimen286
\aboverulesep=\dimen287
\abovetopsep=\dimen288
\cmidrulesep=\dimen289
\cmidrulekern=\dimen290
\defaultaddspace=\dimen291
\@cmidla=\count348
\@cmidlb=\count349
\@aboverulesep=\dimen292
\@belowrulesep=\dimen293
\@thisruleclass=\count350
\@lastruleclass=\count351
\@thisrulewidth=\dimen294
) (d:/texlive/2025/texmf-dist/tex/latex/tools/xr.sty
Package: xr 2024-12-22 v6.00 eXternal References (DPC)
) (d:/texlive/2025/texmf-dist/tex/generic/pgf/frontendlayer/tikz/libraries/tikzlibrarypositioning.code.tex
File: tikzlibrarypositioning.code.tex 2025-08-29 v3.1.11a (3.1.11a)
) (d:/texlive/2025/texmf-dist/tex/generic/pgf/libraries/pgflibraryarrows.meta.code.tex
File: pgflibraryarrows.meta.code.tex 2025-08-29 v3.1.11a (3.1.11a)
\pgfarrowinset=\dimen295
\pgfarrowlength=\dimen296
\pgfarrowwidth=\dimen297
\pgfarrowlinewidth=\dimen298
) (d:/texlive/2025/texmf-dist/tex/latex/geometry/geometry.sty
Package: geometry 2020/01/02 v5.9 Page Geometry
 (d:/texlive/2025/texmf-dist/tex/generic/iftex/ifvtex.sty
Package: ifvtex 2019/10/25 v1.7 ifvtex legacy package. Use iftex instead.
)
\Gm@cnth=\count352
\Gm@cntv=\count353
\c@Gm@tempcnt=\count354
\Gm@bindingoffset=\dimen299
\Gm@wd@mp=\dimen300
\Gm@odd@mp=\dimen301
\Gm@even@mp=\dimen302
\Gm@layoutwidth=\dimen303
\Gm@layoutheight=\dimen304
\Gm@layouthoffset=\dimen305
\Gm@layoutvoffset=\dimen306
\Gm@dimlist=\toks51


Package geometry Warning: Over-specification in `h'-direction.
    `width' (433.62pt) is ignored.


Package geometry Warning: Over-specification in `v'-direction.
    `height' (650.43pt) is ignored.

) (d:/texlive/2025/texmf-dist/tex/latex/caption/subcaption.sty
Package: subcaption 2023/07/28 v1.6b Sub-captions (AR)
 (d:/texlive/2025/texmf-dist/tex/latex/caption/caption.sty
Package: caption 2023/08/05 v3.6o Customizing captions (AR)
 (d:/texlive/2025/texmf-dist/tex/latex/caption/caption3.sty
Package: caption3 2023/07/31 v2.4d caption3 kernel (AR)
\caption@tempdima=\dimen307
\captionmargin=\dimen308
\caption@leftmargin=\dimen309
\caption@rightmargin=\dimen310
\caption@width=\dimen311
\caption@indent=\dimen312
\caption@parindent=\dimen313
\caption@hangindent=\dimen314
Package caption Info: Standard document class detected.
)
\c@caption@flags=\count355
\c@continuedfloat=\count356
Package caption Info: float package is loaded.
)
Package caption Info: New subtype `subfigure' on input line 238.
\c@subfigure=\count357
Package caption Info: New subtype `subtable' on input line 238.
\c@subtable=\count358
) (d:/texlive/2025/texmf-dist/tex/latex/placeins/placeins.sty
Package: placeins 2005/04/18  v 2.2
) (d:/texlive/2025/texmf-dist/tex/latex/graphics/dvipsnam.def
File: dvipsnam.def 2016/06/17 v3.0m Driver-dependent file (DPC,SPQR)
) (d:/texlive/2025/texmf-dist/tex/latex/subfiles/subfiles.sty
Package: subfiles 2020/11/14 v2.2 Multi-file projects (package)
 (d:/texlive/2025/texmf-dist/tex/latex/import/import.sty
Package: import 2020/04/01  v 6.2
)) (./Do-Anh-Tran-Saga-Lab1.aux)
\openout1 = `Do-Anh-Tran-Saga-Lab1.aux'.

LaTeX Font Info:    Checking defaults for OML/cmm/m/it on input line 36.
LaTeX Font Info:    ... okay on input line 36.
LaTeX Font Info:    Checking defaults for OMS/cmsy/m/n on input line 36.
LaTeX Font Info:    ... okay on input line 36.
LaTeX Font Info:    Checking defaults for OT1/cmr/m/n on input line 36.
LaTeX Font Info:    ... okay on input line 36.
LaTeX Font Info:    Checking defaults for T1/cmr/m/n on input line 36.
LaTeX Font Info:    ... okay on input line 36.
LaTeX Font Info:    Checking defaults for TS1/cmr/m/n on input line 36.
LaTeX Font Info:    ... okay on input line 36.
LaTeX Font Info:    Checking defaults for OMX/cmex/m/n on input line 36.
LaTeX Font Info:    ... okay on input line 36.
LaTeX Font Info:    Checking defaults for U/cmr/m/n on input line 36.
LaTeX Font Info:    ... okay on input line 36.
 (d:/texlive/2025/texmf-dist/tex/context/base/mkii/supp-pdf.mkii
[Loading MPS to PDF converter (version 2006.09.02).]
\scratchcounter=\count359
\scratchdimen=\dimen315
\scratchbox=\box73
\nofMPsegments=\count360
\nofMParguments=\count361
\everyMPshowfont=\toks52
\MPscratchCnt=\count362
\MPscratchDim=\dimen316
\MPnumerator=\count363
\makeMPintoPDFobject=\count364
\everyMPtoPDFconversion=\toks53
) (d:/texlive/2025/texmf-dist/tex/latex/epstopdf-pkg/epstopdf-base.sty
Package: epstopdf-base 2020-01-24 v2.11 Base part for package epstopdf
Package epstopdf-base Info: Redefining graphics rule for `.eps' on input line 485.
 (d:/texlive/2025/texmf-dist/tex/latex/latexconfig/epstopdf-sys.cfg
File: epstopdf-sys.cfg 2010/07/13 v1.3 Configuration of (r)epstopdf for TeX Live
))
*geometry* driver: auto-detecting
*geometry* detected driver: pdftex
*geometry* verbose mode - [ preamble ] result:
* driver: pdftex
* paper: a4paper
* layout: <same size as paper>
* layoutoffset:(h,v)=(0.0pt,0.0pt)
* modes: 
* h-part:(L,W,R)=(86.72377pt, 424.06033pt, 86.72377pt)
* v-part:(T,H,B)=(86.72377pt, 671.5993pt, 86.72377pt)
* \paperwidth=597.50787pt
* \paperheight=845.04684pt
* \textwidth=424.06033pt
* \textheight=671.5993pt
* \oddsidemargin=14.45378pt
* \evensidemargin=14.45378pt
* \topmargin=-22.54622pt
* \headheight=12.0pt
* \headsep=25.0pt
* \topskip=11.0pt
* \footskip=30.0pt
* \marginparwidth=59.0pt
* \marginparsep=10.0pt
* \columnsep=10.0pt
* \skip\footins=10.0pt plus 4.0pt minus 2.0pt
* \hoffset=0.0pt
* \voffset=0.0pt
* \mag=1000
* \@twocolumnfalse
* \@twosidefalse
* \@mparswitchfalse
* \@reversemarginfalse
* (1in=72.27pt=25.4mm, 1cm=28.453pt)

Package caption Info: Begin \AtBeginDocument code.
Package caption Info: End \AtBeginDocument code.
[1

{d:/texlive/2025/texmf-var/fonts/map/pdftex/updmap/pdftex.map}] (./Do-Anh-Tran-Saga-Lab1.toc [1

])
\tf@toc=\write4
\openout4 = `Do-Anh-Tran-Saga-Lab1.toc'.

 [2] [3

{d:/texlive/2025/texmf-dist/fonts/enc/dvips/cm-super/cm-super-ts1.enc}]
<figures/1c.png, id=34, 722.7pt x 433.62pt>
File: figures/1c.png Graphic file (type png)
<use figures/1c.png>
Package pdftex.def Info: figures/1c.png  used on input line 141.
(pdftex.def)             Requested size: 339.24956pt x 203.55pt.
<figures/1c2.png, id=36, 578.16pt x 505.89pt>
File: figures/1c2.png Graphic file (type png)
<use figures/1c2.png>
Package pdftex.def Info: figures/1c2.png  used on input line 148.
(pdftex.def)             Requested size: 207.79189pt x 181.81148pt.
 [4] [5 <./figures/1c.png> <./figures/1c2.png>]
<figures/1d.png, id=48, 578.16pt x 361.35pt>
File: figures/1d.png Graphic file (type png)
<use figures/1d.png>
Package pdftex.def Info: figures/1d.png  used on input line 173.
(pdftex.def)             Requested size: 339.24956pt x 212.03125pt.
 [6 <./figures/1d.png>]
<figures/1e.png, id=56, 578.16pt x 505.89pt>
File: figures/1e.png Graphic file (type png)
<use figures/1e.png>
Package pdftex.def Info: figures/1e.png  used on input line 210.
(pdftex.def)             Requested size: 339.24956pt x 296.84373pt.
<figures/1f.png, id=57, 462.528pt x 346.896pt>
File: figures/1f.png Graphic file (type png)
<use figures/1f.png>
Package pdftex.def Info: figures/1f.png  used on input line 224.
(pdftex.def)             Requested size: 339.24956pt x 254.4494pt.
 [7 <./figures/1e.png>] [8 <./figures/1f.png>] [9]
<figures/1i2Zero.png, id=76, 722.7pt x 433.62pt>
File: figures/1i2Zero.png Graphic file (type png)
<use figures/1i2Zero.png>
Package pdftex.def Info: figures/1i2Zero.png  used on input line 345.
(pdftex.def)             Requested size: 207.79189pt x 124.6747pt.
<figures/1i2Ones.png, id=77, 722.7pt x 433.62pt>
File: figures/1i2Ones.png Graphic file (type png)
<use figures/1i2Ones.png>
Package pdftex.def Info: figures/1i2Ones.png  used on input line 352.
(pdftex.def)             Requested size: 207.79189pt x 124.6747pt.
<figures/1i2Rand.png, id=78, 722.7pt x 433.62pt>
File: figures/1i2Rand.png Graphic file (type png)
<use figures/1i2Rand.png>
Package pdftex.def Info: figures/1i2Rand.png  used on input line 359.
(pdftex.def)             Requested size: 339.24956pt x 203.55pt.

Underfull \hbox (badness 10000) in paragraph at lines 340--365

 []

[10]
<figures/1i3Zero.png, id=84, 722.7pt x 433.62pt>
File: figures/1i3Zero.png Graphic file (type png)
<use figures/1i3Zero.png>
Package pdftex.def Info: figures/1i3Zero.png  used on input line 380.
(pdftex.def)             Requested size: 207.79189pt x 124.6747pt.
<figures/1i3Ones.png, id=85, 722.7pt x 433.62pt>
File: figures/1i3Ones.png Graphic file (type png)
<use figures/1i3Ones.png>
Package pdftex.def Info: figures/1i3Ones.png  used on input line 387.
(pdftex.def)             Requested size: 207.79189pt x 124.6747pt.
<figures/1i3Rand.png, id=86, 722.7pt x 433.62pt>
File: figures/1i3Rand.png Graphic file (type png)
<use figures/1i3Rand.png>
Package pdftex.def Info: figures/1i3Rand.png  used on input line 394.
(pdftex.def)             Requested size: 339.24956pt x 203.55pt.

Underfull \hbox (badness 10000) in paragraph at lines 375--400

 []

[11 <./figures/1i2Zero.png> <./figures/1i2Ones.png> <./figures/1i2Rand.png>] [12 <./figures/1i3Zero.png> <./figures/1i3Ones.png> <./figures/1i3Rand.png>]
<figures/1j2Zero.png, id=102, 722.7pt x 433.62pt>
File: figures/1j2Zero.png Graphic file (type png)
<use figures/1j2Zero.png>
Package pdftex.def Info: figures/1j2Zero.png  used on input line 432.
(pdftex.def)             Requested size: 207.79189pt x 124.6747pt.
<figures/1j2Ones.png, id=103, 722.7pt x 433.62pt>
File: figures/1j2Ones.png Graphic file (type png)
<use figures/1j2Ones.png>
Package pdftex.def Info: figures/1j2Ones.png  used on input line 439.
(pdftex.def)             Requested size: 207.79189pt x 124.6747pt.
<figures/1j2Rand.png, id=104, 722.7pt x 433.62pt>
File: figures/1j2Rand.png Graphic file (type png)
<use figures/1j2Rand.png>
Package pdftex.def Info: figures/1j2Rand.png  used on input line 446.
(pdftex.def)             Requested size: 339.24956pt x 203.55pt.

Underfull \hbox (badness 10000) in paragraph at lines 427--452

 []

[13 <./figures/1j2Zero.png> <./figures/1j2Ones.png> <./figures/1j2Rand.png>]
<figures/1j3Zero.png, id=112, 722.7pt x 433.62pt>
File: figures/1j3Zero.png Graphic file (type png)
<use figures/1j3Zero.png>
Package pdftex.def Info: figures/1j3Zero.png  used on input line 462.
(pdftex.def)             Requested size: 207.79189pt x 124.6747pt.
<figures/1j3Ones.png, id=113, 722.7pt x 433.62pt>
File: figures/1j3Ones.png Graphic file (type png)
<use figures/1j3Ones.png>
Package pdftex.def Info: figures/1j3Ones.png  used on input line 469.
(pdftex.def)             Requested size: 207.79189pt x 124.6747pt.
<figures/1j3Rand.png, id=114, 722.7pt x 433.62pt>
File: figures/1j3Rand.png Graphic file (type png)
<use figures/1j3Rand.png>
Package pdftex.def Info: figures/1j3Rand.png  used on input line 476.
(pdftex.def)             Requested size: 339.24956pt x 203.55pt.

Underfull \hbox (badness 10000) in paragraph at lines 457--482

 []

[14 <./figures/1j3Zero.png> <./figures/1j3Ones.png> <./figures/1j3Rand.png>]
<figures/1kOnes.png, id=122, 722.7pt x 433.62pt>
File: figures/1kOnes.png Graphic file (type png)
<use figures/1kOnes.png>
Package pdftex.def Info: figures/1kOnes.png  used on input line 496.
(pdftex.def)             Requested size: 254.43878pt x 152.66249pt.
<figures/1kOnesSurv.png, id=123, 1011.78pt x 505.89pt>
File: figures/1kOnesSurv.png Graphic file (type png)
<use figures/1kOnesSurv.png>
Package pdftex.def Info: figures/1kOnesSurv.png  used on input line 503.
(pdftex.def)             Requested size: 339.24956pt x 169.62279pt.
 [15 <./figures/1kOnes.png> <./figures/1kOnesSurv.png>] [16

]
<figures/2b.png, id=134, 462.528pt x 346.896pt>
File: figures/2b.png Graphic file (type png)
<use figures/2b.png>
Package pdftex.def Info: figures/2b.png  used on input line 568.
(pdftex.def)             Requested size: 339.24956pt x 254.4494pt.
<figures/2d3Dvalue.png, id=135, 462.528pt x 346.896pt>
File: figures/2d3Dvalue.png Graphic file (type png)
<use figures/2d3Dvalue.png>
Package pdftex.def Info: figures/2d3Dvalue.png  used on input line 578.
(pdftex.def)             Requested size: 203.54713pt x 152.66116pt.
<figures/2d3DPol.png, id=136, 462.528pt x 346.896pt>
File: figures/2d3DPol.png Graphic file (type png)
<use figures/2d3DPol.png>
Package pdftex.def Info: figures/2d3DPol.png  used on input line 585.
(pdftex.def)             Requested size: 203.54713pt x 152.66116pt.
 [17] [18 <./figures/2b.png> <./figures/2d3Dvalue.png> <./figures/2d3DPol.png>]
<figures/2dBad.png, id=149, 462.528pt x 346.896pt>
File: figures/2dBad.png Graphic file (type png)
<use figures/2dBad.png>
Package pdftex.def Info: figures/2dBad.png  used on input line 610.
(pdftex.def)             Requested size: 339.24956pt x 254.4494pt.
<figures/2d3DValueBad.png, id=150, 462.528pt x 346.896pt>
File: figures/2d3DValueBad.png Graphic file (type png)
<use figures/2d3DValueBad.png>
Package pdftex.def Info: figures/2d3DValueBad.png  used on input line 619.
(pdftex.def)             Requested size: 203.54713pt x 152.66116pt.
<figures/2d3DpolBad.png, id=151, 462.528pt x 346.896pt>
File: figures/2d3DpolBad.png Graphic file (type png)
<use figures/2d3DpolBad.png>
Package pdftex.def Info: figures/2d3DpolBad.png  used on input line 626.
(pdftex.def)             Requested size: 203.54713pt x 152.66116pt.
<figures/2e1alpha.png, id=152, 462.528pt x 346.896pt>
File: figures/2e1alpha.png Graphic file (type png)
<use figures/2e1alpha.png>
Package pdftex.def Info: figures/2e1alpha.png  used on input line 646.
(pdftex.def)             Requested size: 203.54713pt x 152.66116pt.
<figures/2e1lambda.png, id=153, 462.528pt x 346.896pt>
File: figures/2e1lambda.png Graphic file (type png)
<use figures/2e1lambda.png>
Package pdftex.def Info: figures/2e1lambda.png  used on input line 653.
(pdftex.def)             Requested size: 203.54713pt x 152.66116pt.

Underfull \hbox (badness 10000) in paragraph at lines 641--659

 []

[19 <./figures/2dBad.png> <./figures/2d3DValueBad.png> <./figures/2d3DpolBad.png>]
<figures/2e1random.png, id=161, 462.528pt x 346.896pt>
File: figures/2e1random.png Graphic file (type png)
<use figures/2e1random.png>
Package pdftex.def Info: figures/2e1random.png  used on input line 679.
(pdftex.def)             Requested size: 254.43878pt x 190.83043pt.
 [20 <./figures/2e1alpha.png> <./figures/2e1lambda.png>]

LaTeX Warning: Citation `sutton2018reinforcement' on page 21 undefined on input line 691.

<figures/2eUCBreward.png, id=168, 462.528pt x 346.896pt>
File: figures/2eUCBreward.png Graphic file (type png)
<use figures/2eUCBreward.png>
Package pdftex.def Info: figures/2eUCBreward.png  used on input line 708.
(pdftex.def)             Requested size: 254.43878pt x 190.83043pt.
[21 <./figures/2e1random.png>] [22 <./figures/2eUCBreward.png>] (./Do-Anh-Tran-Saga-Lab1.aux)
 ***********
LaTeX2e <2025-11-01>
L3 programming layer <2025-11-14>
 ***********


LaTeX Warning: There were undefined references.

 ) 
Here is how much of TeX's memory you used:
 19877 strings out of 467537
 391318 string characters out of 5423703
 798129 words of memory out of 5000000
 48386 multiletter control sequences out of 15000+600000
 638419 words of font info for 80 fonts, out of 8000000 for 9000
 1141 hyphenation exceptions out of 8191
 84i,10n,104p,546b,575s stack positions out of 10000i,1000n,20000p,200000b,200000s
<d:/texlive/2025/texmf-dist/fonts/type1/public/amsfonts/cm/cmbx10.pfb><d:/texlive/2025/texmf-dist/fonts/type1/public/amsfonts/cm/cmbx12.pfb><d:/texlive/2025/texmf-dist/fonts/type1/public/amsfonts/cm/cmex10.pfb><d:/texlive/2025/texmf-dist/fonts/type1/public/amsfonts/cm/cmmi10.pfb><d:/texlive/2025/texmf-dist/fonts/type1/public/amsfonts/cm/cmmi6.pfb><d:/texlive/2025/texmf-dist/fonts/type1/public/amsfonts/cm/cmmi8.pfb><d:/texlive/2025/texmf-dist/fonts/type1/public/amsfonts/cm/cmr10.pfb><d:/texlive/2025/texmf-dist/fonts/type1/public/amsfonts/cm/cmr12.pfb><d:/texlive/2025/texmf-dist/fonts/type1/public/amsfonts/cm/cmr17.pfb><d:/texlive/2025/texmf-dist/fonts/type1/public/amsfonts/cm/cmr8.pfb><d:/texlive/2025/texmf-dist/fonts/type1/public/amsfonts/cm/cmr9.pfb><d:/texlive/2025/texmf-dist/fonts/type1/public/amsfonts/cm/cmsy10.pfb><d:/texlive/2025/texmf-dist/fonts/type1/public/amsfonts/cm/cmsy6.pfb><d:/texlive/2025/texmf-dist/fonts/type1/public/amsfonts/cm/cmsy8.pfb><d:/texlive/2025/texmf-dist/fonts/type1/public/amsfonts/cm/cmti10.pfb><d:/texlive/2025/texmf-dist/fonts/type1/public/amsfonts/symbols/msbm10.pfb><d:/texlive/2025/texmf-dist/fonts/type1/public/cm-super/sfrm1095.pfb>
Output written on Do-Anh-Tran-Saga-Lab1.pdf (23 pages, 1706322 bytes).
PDF statistics:
 252 PDF objects out of 1000 (max. 8388607)
 132 compressed objects within 2 object streams
 0 named destinations out of 1000 (max. 500000)
 164 words of extra memory for PDF output out of 10000 (max. 10000000)

